0 info it worked if it ends with ok
1 verbose cli [ '/usr/local/Cellar/node/5.3.0/bin/node',
1 verbose cli   '/usr/local/bin/npm',
1 verbose cli   'start' ]
2 info using npm@3.9.5
3 info using node@v5.3.0
4 verbose run-script [ 'prestart', 'start', 'poststart' ]
5 info lifecycle reading-list-angular@0.0.1~prestart: reading-list-angular@0.0.1
6 silly lifecycle reading-list-angular@0.0.1~prestart: no script for prestart, continuing
7 info lifecycle reading-list-angular@0.0.1~start: reading-list-angular@0.0.1
8 verbose lifecycle reading-list-angular@0.0.1~start: unsafe-perm in lifecycle true
9 verbose lifecycle reading-list-angular@0.0.1~start: PATH: /usr/local/lib/node_modules/npm/bin/node-gyp-bin:/Users/christopher.yammine/Projects/AngularJS/reading-list-angular/node_modules/.bin:/usr/local/Cellar/node/5.3.0/bin:/Users/christopher.yammine/Downloads/google-cloud-sdk/bin:/Users/christopher.yammine/.rvm/gems/ruby-2.2.1/bin:/Users/christopher.yammine/.rvm/gems/ruby-2.2.1@global/bin:/Users/christopher.yammine/.rvm/rubies/ruby-2.2.1/bin:/Users/christopher.yammine/anaconda2/bin:/usr/local/bin:/usr/local/go/bin:/usr/bin:/bin:/usr/sbin:/sbin:/Users/christopher.yammine/go/bin:/Users/christopher.yammine/.rvm/bin:/Users/christopher.yammine/.rvm/bin
10 verbose lifecycle reading-list-angular@0.0.1~start: CWD: /Users/christopher.yammine/Projects/AngularJS/reading-list-angular
11 silly lifecycle reading-list-angular@0.0.1~start: Args: [ '-c', 'webpack-dev-server --content-base app' ]
12 silly lifecycle reading-list-angular@0.0.1~start: Returned: code: 1  signal: null
13 info lifecycle reading-list-angular@0.0.1~start: Failed to exec start script
14 verbose stack Error: reading-list-angular@0.0.1 start: `webpack-dev-server --content-base app`
14 verbose stack Exit status 1
14 verbose stack     at EventEmitter.<anonymous> (/usr/local/lib/node_modules/npm/lib/utils/lifecycle.js:245:16)
14 verbose stack     at emitTwo (events.js:87:13)
14 verbose stack     at EventEmitter.emit (events.js:172:7)
14 verbose stack     at ChildProcess.<anonymous> (/usr/local/lib/node_modules/npm/lib/utils/spawn.js:24:14)
14 verbose stack     at emitTwo (events.js:87:13)
14 verbose stack     at ChildProcess.emit (events.js:172:7)
14 verbose stack     at maybeClose (internal/child_process.js:818:16)
14 verbose stack     at Process.ChildProcess._handle.onexit (internal/child_process.js:211:5)
15 verbose pkgid reading-list-angular@0.0.1
16 verbose cwd /Users/christopher.yammine/Projects/AngularJS/reading-list-angular
17 error Darwin 15.4.0
18 error argv "/usr/local/Cellar/node/5.3.0/bin/node" "/usr/local/bin/npm" "start"
19 error node v5.3.0
20 error npm  v3.9.5
21 error code ELIFECYCLE
22 error reading-list-angular@0.0.1 start: `webpack-dev-server --content-base app`
22 error Exit status 1
23 error Failed at the reading-list-angular@0.0.1 start script 'webpack-dev-server --content-base app'.
23 error Make sure you have the latest version of node.js and npm installed.
23 error If you do, this is most likely a problem with the reading-list-angular package,
23 error not with npm itself.
23 error Tell the author that this fails on your system:
23 error     webpack-dev-server --content-base app
23 error You can get information on how to open an issue for this project with:
23 error     npm bugs reading-list-angular
23 error Or if that isn't available, you can get their info via:
23 error     npm owner ls reading-list-angular
23 error There is likely additional logging output above.
24 verbose exit [ 1, true ]
